<?xml version="1.0" encoding="UTF-8"?>
<TestRun id="867a40ca-75d7-497b-913a-20cf525f9c8a" name="liuliuliu@DESKTOP-UGFJFK1 2018-10-25 21:48:20" runUser="DESKTOP-UGFJFK1\liuliuliu" xmlns="http://microsoft.com/schemas/VisualStudio/TeamTest/2010">
  <TestSettings name="Local" id="92c6d37f-904a-496d-b6fd-c521d8a47794">
    <Description>These are default test settings for a local test run.</Description>
    <Deployment enabled="false" runDeploymentRoot="liuliuliu_DESKTOP-UGFJFK1 2018-10-25 21_48_20">
      <DeploymentItem filename="d:\demo-unit-test\demo-unit-test\bin\Debug\demo-unit-test.exe" />
    </Deployment>
    <Execution>
      <TestTypeSpecific />
      <AgentRule name="Execution Agents">
      </AgentRule>
    </Execution>
  </TestSettings>
  <Times creation="2018-10-25T21:48:20.1642495+07:00" queuing="2018-10-25T21:48:20.1798724+07:00" start="2018-10-25T21:48:20.1954905+07:00" finish="2018-10-25T21:48:20.7112578+07:00" />
  <ResultSummary outcome="Failed">
    <Counters total="2" executed="2" error="0" failed="2" timeout="0" aborted="0" inconclusive="0" passedButRunAborted="0" notRunnable="0" notExecuted="0" disconnected="0" warning="0" passed="0" completed="0" inProgress="0" pending="0" />
  </ResultSummary>
  <TestDefinitions>
    <UnitTest name="InputIsSunday_DateReturnedIsMonday" storage="d:\demo-unit-test\unit-test-payment\bin\debug\unit-test-payment.dll" id="499f0a3b-839d-22bb-7d8f-107fb5709857">
      <Execution id="7b778eab-bee7-476e-92d8-73c8d412ebdf" />
      <TestMethod codeBase="d:/demo-unit-test/unit-test-payment/bin/Debug/unit-test-payment.DLL" adapterTypeName="Microsoft.VisualStudio.TestTools.TestTypes.Unit.UnitTestAdapter, Microsoft.VisualStudio.QualityTools.Tips.UnitTest.Adapter, Version=10.0.0.0, Culture=neutral, PublicKeyToken=b03f5f7f11d50a3a" className="unit_test_payment.PaymentTest, unit-test-payment, Version=1.0.0.0, Culture=neutral, PublicKeyToken=null" name="InputIsSunday_DateReturnedIsMonday" />
    </UnitTest>
    <UnitTest name="ValidInput_DateReturned30DaysInFuture" storage="d:\demo-unit-test\unit-test-payment\bin\debug\unit-test-payment.dll" id="9f65b607-c1e5-a482-bd47-2869415e345d">
      <Execution id="95a795a4-454a-4218-9303-7de0bb3b6379" />
      <TestMethod codeBase="d:/demo-unit-test/unit-test-payment/bin/Debug/unit-test-payment.DLL" adapterTypeName="Microsoft.VisualStudio.TestTools.TestTypes.Unit.UnitTestAdapter, Microsoft.VisualStudio.QualityTools.Tips.UnitTest.Adapter, Version=10.0.0.0, Culture=neutral, PublicKeyToken=b03f5f7f11d50a3a" className="unit_test_payment.PaymentTest, unit-test-payment, Version=1.0.0.0, Culture=neutral, PublicKeyToken=null" name="ValidInput_DateReturned30DaysInFuture" />
    </UnitTest>
  </TestDefinitions>
  <TestLists>
    <TestList name="Results Not in a List" id="8c84fa94-04c1-424b-9868-57a2d4851a1d" />
    <TestList name="All Loaded Results" id="19431567-8539-422a-85d7-44ee4e166bda" />
  </TestLists>
  <TestEntries>
    <TestEntry testId="499f0a3b-839d-22bb-7d8f-107fb5709857" executionId="7b778eab-bee7-476e-92d8-73c8d412ebdf" testListId="8c84fa94-04c1-424b-9868-57a2d4851a1d" />
    <TestEntry testId="9f65b607-c1e5-a482-bd47-2869415e345d" executionId="95a795a4-454a-4218-9303-7de0bb3b6379" testListId="8c84fa94-04c1-424b-9868-57a2d4851a1d" />
  </TestEntries>
  <Results>
    <UnitTestResult executionId="7b778eab-bee7-476e-92d8-73c8d412ebdf" testId="499f0a3b-839d-22bb-7d8f-107fb5709857" testName="InputIsSunday_DateReturnedIsMonday" computerName="DESKTOP-UGFJFK1" duration="00:00:00.1985099" startTime="2018-10-25T21:48:20.1954905+07:00" endTime="2018-10-25T21:48:20.6794028+07:00" testType="13cdc9d9-ddb5-4fa4-a97d-d965ccfc6d4b" outcome="Failed" testListId="8c84fa94-04c1-424b-9868-57a2d4851a1d" relativeResultsDirectory="7b778eab-bee7-476e-92d8-73c8d412ebdf">
      <Output>
        <ErrorInfo>
          <Message>Test method unit_test_payment.PaymentTest.InputIsSunday_DateReturnedIsMonday threw exception: 
System.FormatException: String was not recognized as a valid DateTime.</Message>
          <StackTrace>    at System.DateTimeParse.Parse(String s, DateTimeFormatInfo dtfi, DateTimeStyles styles)
   at System.DateTime.Parse(String s)
   at unit_test_payment.PaymentTest.InputIsSunday_DateReturnedIsMonday() in d:\demo-unit-test\unit-test-payment\PaymentTest.cs:line 78
</StackTrace>
        </ErrorInfo>
      </Output>
    </UnitTestResult>
    <UnitTestResult executionId="95a795a4-454a-4218-9303-7de0bb3b6379" testId="9f65b607-c1e5-a482-bd47-2869415e345d" testName="ValidInput_DateReturned30DaysInFuture" computerName="DESKTOP-UGFJFK1" duration="00:00:00.0044851" startTime="2018-10-25T21:48:20.6794028+07:00" endTime="2018-10-25T21:48:20.6949928+07:00" testType="13cdc9d9-ddb5-4fa4-a97d-d965ccfc6d4b" outcome="Failed" testListId="8c84fa94-04c1-424b-9868-57a2d4851a1d" relativeResultsDirectory="95a795a4-454a-4218-9303-7de0bb3b6379">
      <Output>
        <ErrorInfo>
          <Message>Test method unit_test_payment.PaymentTest.ValidInput_DateReturned30DaysInFuture threw exception: 
System.FormatException: String was not recognized as a valid DateTime.</Message>
          <StackTrace>    at System.DateTimeParse.Parse(String s, DateTimeFormatInfo dtfi, DateTimeStyles styles)
   at System.DateTime.Parse(String s)
   at unit_test_payment.PaymentTest.ValidInput_DateReturned30DaysInFuture() in d:\demo-unit-test\unit-test-payment\PaymentTest.cs:line 68
</StackTrace>
        </ErrorInfo>
      </Output>
    </UnitTestResult>
  </Results>
</TestRun>