<?xml version="1.0" encoding="UTF-8"?>
<TestRun id="4c772367-2c7c-47cb-82e7-cde876d7195d" name="liuliuliu@DESKTOP-UGFJFK1 2018-10-25 21:45:03" runUser="DESKTOP-UGFJFK1\liuliuliu" xmlns="http://microsoft.com/schemas/VisualStudio/TeamTest/2010">
  <TestSettings name="Local" id="92c6d37f-904a-496d-b6fd-c521d8a47794">
    <Description>These are default test settings for a local test run.</Description>
    <Deployment enabled="false" runDeploymentRoot="liuliuliu_DESKTOP-UGFJFK1 2018-10-25 21_45_03">
      <DeploymentItem filename="d:\demo-unit-test\demo-unit-test\bin\Debug\demo-unit-test.exe" />
    </Deployment>
    <Execution>
      <TestTypeSpecific />
      <AgentRule name="Execution Agents">
      </AgentRule>
    </Execution>
  </TestSettings>
  <Times creation="2018-10-25T21:45:03.1236244+07:00" queuing="2018-10-25T21:45:03.1426960+07:00" start="2018-10-25T21:45:03.1426960+07:00" finish="2018-10-25T21:45:03.4749217+07:00" />
  <ResultSummary outcome="Completed">
    <Counters total="2" executed="2" passed="2" error="0" failed="0" timeout="0" aborted="0" inconclusive="0" passedButRunAborted="0" notRunnable="0" notExecuted="0" disconnected="0" warning="0" completed="0" inProgress="0" pending="0" />
  </ResultSummary>
  <TestDefinitions>
    <UnitTest name="InputIsSunday_DateReturnedIsMonday" storage="d:\demo-unit-test\unit-test-payment\bin\debug\unit-test-payment.dll" id="499f0a3b-839d-22bb-7d8f-107fb5709857">
      <Execution id="4541879b-1c5d-43c9-8ccf-e0c6f6eef074" />
      <TestMethod codeBase="d:/demo-unit-test/unit-test-payment/bin/Debug/unit-test-payment.DLL" adapterTypeName="Microsoft.VisualStudio.TestTools.TestTypes.Unit.UnitTestAdapter, Microsoft.VisualStudio.QualityTools.Tips.UnitTest.Adapter, Version=10.0.0.0, Culture=neutral, PublicKeyToken=b03f5f7f11d50a3a" className="unit_test_payment.PaymentTest, unit-test-payment, Version=1.0.0.0, Culture=neutral, PublicKeyToken=null" name="InputIsSunday_DateReturnedIsMonday" />
    </UnitTest>
    <UnitTest name="ValidInput_DateReturned30DaysInFuture" storage="d:\demo-unit-test\unit-test-payment\bin\debug\unit-test-payment.dll" id="9f65b607-c1e5-a482-bd47-2869415e345d">
      <Execution id="65d820df-7cbf-4861-9b64-65a0ea00d47b" />
      <TestMethod codeBase="d:/demo-unit-test/unit-test-payment/bin/Debug/unit-test-payment.DLL" adapterTypeName="Microsoft.VisualStudio.TestTools.TestTypes.Unit.UnitTestAdapter, Microsoft.VisualStudio.QualityTools.Tips.UnitTest.Adapter, Version=10.0.0.0, Culture=neutral, PublicKeyToken=b03f5f7f11d50a3a" className="unit_test_payment.PaymentTest, unit-test-payment, Version=1.0.0.0, Culture=neutral, PublicKeyToken=null" name="ValidInput_DateReturned30DaysInFuture" />
    </UnitTest>
  </TestDefinitions>
  <TestLists>
    <TestList name="Results Not in a List" id="8c84fa94-04c1-424b-9868-57a2d4851a1d" />
    <TestList name="All Loaded Results" id="19431567-8539-422a-85d7-44ee4e166bda" />
  </TestLists>
  <TestEntries>
    <TestEntry testId="499f0a3b-839d-22bb-7d8f-107fb5709857" executionId="4541879b-1c5d-43c9-8ccf-e0c6f6eef074" testListId="8c84fa94-04c1-424b-9868-57a2d4851a1d" />
    <TestEntry testId="9f65b607-c1e5-a482-bd47-2869415e345d" executionId="65d820df-7cbf-4861-9b64-65a0ea00d47b" testListId="8c84fa94-04c1-424b-9868-57a2d4851a1d" />
  </TestEntries>
  <Results>
    <UnitTestResult executionId="4541879b-1c5d-43c9-8ccf-e0c6f6eef074" testId="499f0a3b-839d-22bb-7d8f-107fb5709857" testName="InputIsSunday_DateReturnedIsMonday" computerName="DESKTOP-UGFJFK1" duration="00:00:00.0155456" startTime="2018-10-25T21:45:03.1426960+07:00" endTime="2018-10-25T21:45:03.4436790+07:00" testType="13cdc9d9-ddb5-4fa4-a97d-d965ccfc6d4b" outcome="Passed" testListId="8c84fa94-04c1-424b-9868-57a2d4851a1d" relativeResultsDirectory="4541879b-1c5d-43c9-8ccf-e0c6f6eef074">
    </UnitTestResult>
    <UnitTestResult executionId="65d820df-7cbf-4861-9b64-65a0ea00d47b" testId="9f65b607-c1e5-a482-bd47-2869415e345d" testName="ValidInput_DateReturned30DaysInFuture" computerName="DESKTOP-UGFJFK1" duration="00:00:00.0004416" startTime="2018-10-25T21:45:03.4436790+07:00" endTime="2018-10-25T21:45:03.4593014+07:00" testType="13cdc9d9-ddb5-4fa4-a97d-d965ccfc6d4b" outcome="Passed" testListId="8c84fa94-04c1-424b-9868-57a2d4851a1d" relativeResultsDirectory="65d820df-7cbf-4861-9b64-65a0ea00d47b">
    </UnitTestResult>
  </Results>
</TestRun>