<?xml version="1.0" encoding="UTF-8"?>
<TestRun id="270b03b1-a031-486c-9396-23373e8f1582" name="liuliuliu@DESKTOP-UGFJFK1 2018-10-25 22:03:01" runUser="DESKTOP-UGFJFK1\liuliuliu" xmlns="http://microsoft.com/schemas/VisualStudio/TeamTest/2010">
  <TestSettings name="Local" id="92c6d37f-904a-496d-b6fd-c521d8a47794">
    <Description>These are default test settings for a local test run.</Description>
    <Deployment enabled="false" runDeploymentRoot="liuliuliu_DESKTOP-UGFJFK1 2018-10-25 22_03_01">
      <DeploymentItem filename="d:\demo-unit-test\demo-unit-test\bin\Debug\demo-unit-test.exe" />
    </Deployment>
    <Execution>
      <TestTypeSpecific />
      <AgentRule name="Execution Agents">
      </AgentRule>
    </Execution>
  </TestSettings>
  <Times creation="2018-10-25T22:03:01.9766798+07:00" queuing="2018-10-25T22:03:03.6545806+07:00" start="2018-10-25T22:03:03.8345676+07:00" finish="2018-10-25T22:03:08.0061420+07:00" />
  <ResultSummary outcome="Failed">
    <Counters total="2" executed="2" passed="1" error="0" failed="1" timeout="0" aborted="0" inconclusive="0" passedButRunAborted="0" notRunnable="0" notExecuted="0" disconnected="0" warning="0" completed="0" inProgress="0" pending="0" />
  </ResultSummary>
  <TestDefinitions>
    <UnitTest name="InputIsSunday_DateReturnedIsMonday" storage="d:\demo-unit-test\unit-test-payment\bin\debug\unit-test-payment.dll" id="499f0a3b-839d-22bb-7d8f-107fb5709857">
      <Execution id="c0a07fe0-75f3-4fa1-b308-4704c7bddd66" />
      <TestMethod codeBase="d:/demo-unit-test/unit-test-payment/bin/Debug/unit-test-payment.DLL" adapterTypeName="Microsoft.VisualStudio.TestTools.TestTypes.Unit.UnitTestAdapter, Microsoft.VisualStudio.QualityTools.Tips.UnitTest.Adapter, Version=10.0.0.0, Culture=neutral, PublicKeyToken=b03f5f7f11d50a3a" className="unit_test_payment.PaymentTest, unit-test-payment, Version=1.0.0.0, Culture=neutral, PublicKeyToken=null" name="InputIsSunday_DateReturnedIsMonday" />
    </UnitTest>
    <UnitTest name="ValidInput_DateReturned30DaysInFuture" storage="d:\demo-unit-test\unit-test-payment\bin\debug\unit-test-payment.dll" id="9f65b607-c1e5-a482-bd47-2869415e345d">
      <Execution id="f138cd74-a732-49a4-b3f8-c346b26c5180" />
      <TestMethod codeBase="d:/demo-unit-test/unit-test-payment/bin/Debug/unit-test-payment.DLL" adapterTypeName="Microsoft.VisualStudio.TestTools.TestTypes.Unit.UnitTestAdapter, Microsoft.VisualStudio.QualityTools.Tips.UnitTest.Adapter, Version=10.0.0.0, Culture=neutral, PublicKeyToken=b03f5f7f11d50a3a" className="unit_test_payment.PaymentTest, unit-test-payment, Version=1.0.0.0, Culture=neutral, PublicKeyToken=null" name="ValidInput_DateReturned30DaysInFuture" />
    </UnitTest>
  </TestDefinitions>
  <TestLists>
    <TestList name="Results Not in a List" id="8c84fa94-04c1-424b-9868-57a2d4851a1d" />
    <TestList name="All Loaded Results" id="19431567-8539-422a-85d7-44ee4e166bda" />
  </TestLists>
  <TestEntries>
    <TestEntry testId="9f65b607-c1e5-a482-bd47-2869415e345d" executionId="f138cd74-a732-49a4-b3f8-c346b26c5180" testListId="8c84fa94-04c1-424b-9868-57a2d4851a1d" />
    <TestEntry testId="499f0a3b-839d-22bb-7d8f-107fb5709857" executionId="c0a07fe0-75f3-4fa1-b308-4704c7bddd66" testListId="8c84fa94-04c1-424b-9868-57a2d4851a1d" />
  </TestEntries>
  <Results>
    <UnitTestResult executionId="f138cd74-a732-49a4-b3f8-c346b26c5180" testId="9f65b607-c1e5-a482-bd47-2869415e345d" testName="ValidInput_DateReturned30DaysInFuture" computerName="DESKTOP-UGFJFK1" duration="00:00:00.0245022" startTime="2018-10-25T22:03:03.9595355+07:00" endTime="2018-10-25T22:03:04.8342860+07:00" testType="13cdc9d9-ddb5-4fa4-a97d-d965ccfc6d4b" outcome="Passed" testListId="8c84fa94-04c1-424b-9868-57a2d4851a1d" relativeResultsDirectory="f138cd74-a732-49a4-b3f8-c346b26c5180">
    </UnitTestResult>
    <UnitTestResult executionId="c0a07fe0-75f3-4fa1-b308-4704c7bddd66" testId="499f0a3b-839d-22bb-7d8f-107fb5709857" testName="InputIsSunday_DateReturnedIsMonday" computerName="DESKTOP-UGFJFK1" duration="00:00:02.9620675" startTime="2018-10-25T22:03:04.8499050+07:00" endTime="2018-10-25T22:03:07.8186896+07:00" testType="13cdc9d9-ddb5-4fa4-a97d-d965ccfc6d4b" outcome="Failed" testListId="8c84fa94-04c1-424b-9868-57a2d4851a1d" relativeResultsDirectory="c0a07fe0-75f3-4fa1-b308-4704c7bddd66">
      <Output>
        <ErrorInfo>
          <Message>Assert.AreEqual failed. Expected:&lt;Monday&gt;. Actual:&lt;Wednesday&gt;. </Message>
          <StackTrace>   at unit_test_payment.PaymentTest.InputIsSunday_DateReturnedIsMonday() in d:\demo-unit-test\unit-test-payment\PaymentTest.cs:line 81
</StackTrace>
        </ErrorInfo>
      </Output>
    </UnitTestResult>
  </Results>
</TestRun>