<?xml version="1.0" encoding="UTF-8"?>
<TestRun id="78a05bc2-cab5-4e37-9d36-7be74eeeeb05" name="liuliuliu@DESKTOP-UGFJFK1 2018-10-25 21:59:43" runUser="DESKTOP-UGFJFK1\liuliuliu" xmlns="http://microsoft.com/schemas/VisualStudio/TeamTest/2010">
  <TestSettings name="Local" id="92c6d37f-904a-496d-b6fd-c521d8a47794">
    <Description>These are default test settings for a local test run.</Description>
    <Deployment enabled="false" runDeploymentRoot="liuliuliu_DESKTOP-UGFJFK1 2018-10-25 21_59_43">
      <DeploymentItem filename="d:\demo-unit-test\demo-unit-test\bin\Debug\demo-unit-test.exe" />
    </Deployment>
    <Execution>
      <TestTypeSpecific />
      <AgentRule name="Execution Agents">
      </AgentRule>
    </Execution>
  </TestSettings>
  <Times creation="2018-10-25T21:59:43.0473009+07:00" queuing="2018-10-25T21:59:43.0647286+07:00" start="2018-10-25T21:59:43.0697223+07:00" finish="2018-10-25T21:59:43.3994490+07:00" />
  <ResultSummary outcome="Completed">
    <Counters total="2" executed="2" passed="2" error="0" failed="0" timeout="0" aborted="0" inconclusive="0" passedButRunAborted="0" notRunnable="0" notExecuted="0" disconnected="0" warning="0" completed="0" inProgress="0" pending="0" />
  </ResultSummary>
  <TestDefinitions>
    <UnitTest name="InputIsSunday_DateReturnedIsMonday" storage="d:\demo-unit-test\unit-test-payment\bin\debug\unit-test-payment.dll" id="499f0a3b-839d-22bb-7d8f-107fb5709857">
      <Execution id="74d97cc0-1ae8-4e26-9b16-ec3634bc32bf" />
      <TestMethod codeBase="d:/demo-unit-test/unit-test-payment/bin/Debug/unit-test-payment.DLL" adapterTypeName="Microsoft.VisualStudio.TestTools.TestTypes.Unit.UnitTestAdapter, Microsoft.VisualStudio.QualityTools.Tips.UnitTest.Adapter, Version=10.0.0.0, Culture=neutral, PublicKeyToken=b03f5f7f11d50a3a" className="unit_test_payment.PaymentTest, unit-test-payment, Version=1.0.0.0, Culture=neutral, PublicKeyToken=null" name="InputIsSunday_DateReturnedIsMonday" />
    </UnitTest>
    <UnitTest name="ValidInput_DateReturned30DaysInFuture" storage="d:\demo-unit-test\unit-test-payment\bin\debug\unit-test-payment.dll" id="9f65b607-c1e5-a482-bd47-2869415e345d">
      <Execution id="329b4712-4034-4cd4-a89d-7f35ca556234" />
      <TestMethod codeBase="d:/demo-unit-test/unit-test-payment/bin/Debug/unit-test-payment.DLL" adapterTypeName="Microsoft.VisualStudio.TestTools.TestTypes.Unit.UnitTestAdapter, Microsoft.VisualStudio.QualityTools.Tips.UnitTest.Adapter, Version=10.0.0.0, Culture=neutral, PublicKeyToken=b03f5f7f11d50a3a" className="unit_test_payment.PaymentTest, unit-test-payment, Version=1.0.0.0, Culture=neutral, PublicKeyToken=null" name="ValidInput_DateReturned30DaysInFuture" />
    </UnitTest>
  </TestDefinitions>
  <TestLists>
    <TestList name="Results Not in a List" id="8c84fa94-04c1-424b-9868-57a2d4851a1d" />
    <TestList name="All Loaded Results" id="19431567-8539-422a-85d7-44ee4e166bda" />
  </TestLists>
  <TestEntries>
    <TestEntry testId="499f0a3b-839d-22bb-7d8f-107fb5709857" executionId="74d97cc0-1ae8-4e26-9b16-ec3634bc32bf" testListId="8c84fa94-04c1-424b-9868-57a2d4851a1d" />
    <TestEntry testId="9f65b607-c1e5-a482-bd47-2869415e345d" executionId="329b4712-4034-4cd4-a89d-7f35ca556234" testListId="8c84fa94-04c1-424b-9868-57a2d4851a1d" />
  </TestEntries>
  <Results>
    <UnitTestResult executionId="74d97cc0-1ae8-4e26-9b16-ec3634bc32bf" testId="499f0a3b-839d-22bb-7d8f-107fb5709857" testName="InputIsSunday_DateReturnedIsMonday" computerName="DESKTOP-UGFJFK1" duration="00:00:00.0160559" startTime="2018-10-25T21:59:43.0727072+07:00" endTime="2018-10-25T21:59:43.3788900+07:00" testType="13cdc9d9-ddb5-4fa4-a97d-d965ccfc6d4b" outcome="Passed" testListId="8c84fa94-04c1-424b-9868-57a2d4851a1d" relativeResultsDirectory="74d97cc0-1ae8-4e26-9b16-ec3634bc32bf">
    </UnitTestResult>
    <UnitTestResult executionId="329b4712-4034-4cd4-a89d-7f35ca556234" testId="9f65b607-c1e5-a482-bd47-2869415e345d" testName="ValidInput_DateReturned30DaysInFuture" computerName="DESKTOP-UGFJFK1" duration="00:00:00.0005798" startTime="2018-10-25T21:59:43.3798872+07:00" endTime="2018-10-25T21:59:43.3864830+07:00" testType="13cdc9d9-ddb5-4fa4-a97d-d965ccfc6d4b" outcome="Passed" testListId="8c84fa94-04c1-424b-9868-57a2d4851a1d" relativeResultsDirectory="329b4712-4034-4cd4-a89d-7f35ca556234">
    </UnitTestResult>
  </Results>
</TestRun>